1470512480 	printf("hello, world"); 1470512904
1470512480 { alive NA
1470512480 } alive NA
1470512480 main() 1470512519
1470512498  1470526071
1470512498 #include <stdioh> 1470512865
1470512506 	return 0; 1470515315
1470512519 main(int argc, char *argv[]) alive NA
1470512865 #include <stdio.h> alive NA
1470512904  alive NA
1470512904 	printf(MESSAGE); 1470515315
1470512904 #define MESSAGE "hello, world" 1470512978
1470512904 #include "message.h" 1470516180
1470512978 #define MESSAGE "hello, world\n" alive NA
1470515315     printf(MESSAGE); 1470557010
1470515315     return 0; alive NA
1470516095 /* File hello.c */ 1470526232
1470516180 #include "hello.h" alive NA
1470516241 int alive NA
1470517168  alive NA
1470517168 /* File hello.h */ alive NA
1470526232  1470556982
1470526232 /* File hello.c */ 1470556982
1470556982  1470557010
1470556982 /* File hello.c */ 1470557010
1470557010     printf("%s", MESSAGE); alive NA
1470567534 hi 1470567545
1470567534 hi 1470567545
1470576366 1 1470728835
1470576366 1 1470728835
1470576366 1 alive NA
1470576366 10 1470642743
1470576366 10 1470728835
1470576366 10 1470728835
1470576366 100 1470728835
1470576366 100 1470728835
1470576366 100 alive NA
1470576366 11 1470642743
1470576366 11 1470728835
1470576366 11 1470728835
1470576366 12 1470728835
1470576366 12 1470728835
1470576366 12 alive NA
1470576366 13 1470728835
1470576366 13 1470728835
1470576366 13 alive NA
1470576366 14 1470728835
1470576366 14 1470728835
1470576366 14 alive NA
1470576366 15 1470728835
1470576366 15 1470728835
1470576366 15 alive NA
1470576366 16 1470728835
1470576366 16 1470728835
1470576366 16 alive NA
1470576366 17 1470728835
1470576366 17 1470728835
1470576366 17 alive NA
1470576366 18 1470728835
1470576366 18 1470728835
1470576366 18 alive NA
1470576366 19 1470728835
1470576366 19 1470728835
1470576366 19 alive NA
1470576366 2 1470728835
1470576366 2 1470728835
1470576366 2 alive NA
1470576366 20 1470728835
1470576366 20 1470728835
1470576366 20 alive NA
1470576366 21 1470728835
1470576366 21 1470728835
1470576366 21 alive NA
1470576366 22 1470728835
1470576366 22 1470728835
1470576366 22 alive NA
1470576366 23 1470728835
1470576366 23 1470728835
1470576366 23 alive NA
1470576366 24 1470728835
1470576366 24 1470728835
1470576366 24 alive NA
1470576366 25 1470728835
1470576366 25 1470728835
1470576366 25 alive NA
1470576366 26 1470728835
1470576366 26 1470728835
1470576366 26 alive NA
1470576366 27 1470728835
1470576366 27 1470728835
1470576366 27 alive NA
1470576366 28 1470728835
1470576366 28 1470728835
1470576366 28 alive NA
1470576366 29 1470728835
1470576366 29 1470728835
1470576366 29 alive NA
1470576366 3 1470728835
1470576366 3 1470728835
1470576366 3 alive NA
1470576366 30 1470642743
1470576366 30 alive NA
1470576366 31 1470642743
1470576366 31 alive NA
1470576366 32 1470642743
1470576366 32 alive NA
1470576366 33 1470642743
1470576366 33 alive NA
1470576366 34 1470642743
1470576366 34 alive NA
1470576366 35 1470642743
1470576366 35 alive NA
1470576366 36 1470642743
1470576366 36 alive NA
1470576366 37 1470642743
1470576366 37 alive NA
1470576366 38 1470642743
1470576366 38 alive NA
1470576366 39 1470642743
1470576366 39 alive NA
1470576366 4 1470728835
1470576366 4 1470728835
1470576366 4 alive NA
1470576366 40 1470728835
1470576366 40 1470728835
1470576366 40 alive NA
1470576366 41 1470728835
1470576366 41 1470728835
1470576366 41 alive NA
1470576366 42 1470728835
1470576366 42 1470728835
1470576366 42 alive NA
1470576366 43 1470728835
1470576366 43 1470728835
1470576366 43 alive NA
1470576366 44 1470728835
1470576366 44 1470728835
1470576366 44 alive NA
1470576366 45 1470728835
1470576366 45 1470728835
1470576366 45 alive NA
1470576366 46 1470728835
1470576366 46 1470728835
1470576366 46 alive NA
1470576366 47 1470728835
1470576366 47 1470728835
1470576366 47 alive NA
1470576366 48 1470728835
1470576366 48 1470728835
1470576366 48 alive NA
1470576366 49 1470728835
1470576366 49 1470728835
1470576366 49 alive NA
1470576366 5 1470728835
1470576366 5 1470728835
1470576366 5 alive NA
1470576366 50 1470642743
1470576366 50 alive NA
1470576366 51 1470728835
1470576366 51 1470728835
1470576366 51 alive NA
1470576366 52 1470728835
1470576366 52 1470728835
1470576366 52 alive NA
1470576366 53 1470728835
1470576366 53 1470728835
1470576366 53 alive NA
1470576366 54 1470728835
1470576366 54 1470728835
1470576366 54 alive NA
1470576366 55 1470728835
1470576366 55 1470728835
1470576366 55 alive NA
1470576366 56 1470728835
1470576366 56 1470728835
1470576366 56 alive NA
1470576366 57 1470728835
1470576366 57 1470728835
1470576366 57 alive NA
1470576366 58 1470728835
1470576366 58 1470728835
1470576366 58 alive NA
1470576366 59 1470728835
1470576366 59 1470728835
1470576366 59 alive NA
1470576366 6 1470728835
1470576366 6 1470728835
1470576366 6 alive NA
1470576366 60 1470728835
1470576366 60 1470728835
1470576366 60 alive NA
1470576366 61 1470728835
1470576366 61 1470728835
1470576366 61 alive NA
1470576366 62 1470728835
1470576366 62 1470728835
1470576366 62 alive NA
1470576366 63 1470728835
1470576366 63 1470728835
1470576366 63 alive NA
1470576366 64 1470728835
1470576366 64 1470728835
1470576366 64 alive NA
1470576366 65 1470728835
1470576366 65 1470728835
1470576366 65 alive NA
1470576366 66 1470728835
1470576366 66 1470728835
1470576366 66 alive NA
1470576366 67 1470728835
1470576366 67 1470728835
1470576366 67 alive NA
1470576366 68 1470728835
1470576366 68 1470728835
1470576366 68 alive NA
1470576366 69 1470728835
1470576366 69 1470728835
1470576366 69 alive NA
1470576366 7 1470728835
1470576366 7 1470728835
1470576366 7 alive NA
1470576366 70 1470728835
1470576366 70 1470728835
1470576366 70 alive NA
1470576366 71 1470728835
1470576366 71 1470728835
1470576366 71 alive NA
1470576366 72 1470728835
1470576366 72 1470728835
1470576366 72 alive NA
1470576366 73 1470728835
1470576366 73 1470728835
1470576366 73 alive NA
1470576366 74 1470728835
1470576366 74 1470728835
1470576366 74 alive NA
1470576366 75 1470728835
1470576366 75 1470728835
1470576366 75 alive NA
1470576366 76 1470728835
1470576366 76 1470728835
1470576366 76 alive NA
1470576366 77 1470728835
1470576366 77 1470728835
1470576366 77 alive NA
1470576366 78 1470728835
1470576366 78 1470728835
1470576366 78 alive NA
1470576366 79 1470728835
1470576366 79 1470728835
1470576366 79 alive NA
1470576366 8 1470728835
1470576366 8 1470728835
1470576366 8 alive NA
1470576366 80 1470728835
1470576366 80 1470728835
1470576366 80 alive NA
1470576366 81 1470728835
1470576366 81 1470728835
1470576366 81 alive NA
1470576366 82 1470728835
1470576366 82 1470728835
1470576366 82 alive NA
1470576366 83 1470728835
1470576366 83 1470728835
1470576366 83 alive NA
1470576366 84 1470728835
1470576366 84 1470728835
1470576366 84 alive NA
1470576366 85 1470728835
1470576366 85 1470728835
1470576366 85 alive NA
1470576366 86 1470728835
1470576366 86 1470728835
1470576366 86 alive NA
1470576366 87 1470728835
1470576366 87 1470728835
1470576366 87 alive NA
1470576366 88 1470728835
1470576366 88 1470728835
1470576366 88 alive NA
1470576366 89 1470728835
1470576366 89 1470728835
1470576366 89 alive NA
1470576366 9 1470728835
1470576366 9 1470728835
1470576366 9 alive NA
1470576366 90 1470728835
1470576366 90 1470728835
1470576366 90 alive NA
1470576366 91 1470728835
1470576366 91 1470728835
1470576366 91 alive NA
1470576366 92 1470728835
1470576366 92 1470728835
1470576366 92 alive NA
1470576366 93 1470728835
1470576366 93 1470728835
1470576366 93 alive NA
1470576366 94 1470728835
1470576366 94 1470728835
1470576366 94 alive NA
1470576366 95 1470728835
1470576366 95 1470728835
1470576366 95 alive NA
1470576366 96 1470728835
1470576366 96 1470728835
1470576366 96 alive NA
1470576366 97 1470728835
1470576366 97 1470728835
1470576366 97 alive NA
1470576366 98 1470728835
1470576366 98 1470728835
1470576366 98 alive NA
1470576366 99 1470728835
1470576366 99 1470728835
1470576366 99 alive NA
1470576449  alive NA
1470576449 1 alive NA
1470576449 100 alive NA
1470576449 2 alive NA
1470576449 20 alive NA
1470576449 21 alive NA
1470576449 22 alive NA
1470576449 23 alive NA
1470576449 24 alive NA
1470576449 25 alive NA
1470576449 26 alive NA
1470576449 27 alive NA
1470576449 28 alive NA
1470576449 29 alive NA
1470576449 3 alive NA
1470576449 36 alive NA
1470576449 37 alive NA
1470576449 38 alive NA
1470576449 39 alive NA
1470576449 4 alive NA
1470576449 40 alive NA
1470576449 41 alive NA
1470576449 42 alive NA
1470576449 43 alive NA
1470576449 44 alive NA
1470576449 45 alive NA
1470576449 46 alive NA
1470576449 47 alive NA
1470576449 48 alive NA
1470576449 49 alive NA
1470576449 5 alive NA
1470576449 50 alive NA
1470576449 51 alive NA
1470576449 52 alive NA
1470576449 53 alive NA
1470576449 54 alive NA
1470576449 55 alive NA
1470576449 56 alive NA
1470576449 57 alive NA
1470576449 58 alive NA
1470576449 59 alive NA
1470576449 6 alive NA
1470576449 60 alive NA
1470576449 61 alive NA
1470576449 62 alive NA
1470576449 63 alive NA
1470576449 64 alive NA
1470576449 65 alive NA
1470576449 66 alive NA
1470576449 67 alive NA
1470576449 68 alive NA
1470576449 69 alive NA
1470576449 7 alive NA
1470576449 70 alive NA
1470576449 71 alive NA
1470576449 72 alive NA
1470576449 73 alive NA
1470576449 74 alive NA
1470576449 75 alive NA
1470576449 76 alive NA
1470576449 77 alive NA
1470576449 78 alive NA
1470576449 79 alive NA
1470576449 8 alive NA
1470576449 80 alive NA
1470576449 81 alive NA
1470576449 82 alive NA
1470576449 83 alive NA
1470576449 84 alive NA
1470576449 85 alive NA
1470576449 86 alive NA
1470576449 87 alive NA
1470576449 88 alive NA
1470576449 89 alive NA
1470576449 9 alive NA
1470576449 90 alive NA
1470576449 91 alive NA
1470576449 92 alive NA
1470576449 93 alive NA
1470576449 94 alive NA
1470576449 95 alive NA
1470576449 96 alive NA
1470576449 97 alive NA
1470576449 98 alive NA
1470576449 99 alive NA
1470576449 Here were 10 to 19 alive NA
1470576449 Here were 30 to 35 alive NA
1470576449 new 1 alive NA
1470576449 new 10 alive NA
1470576449 new 11 alive NA
1470576449 new 12 alive NA
1470576449 new 13 alive NA
1470576449 new 14 alive NA
1470576449 new 15 alive NA
1470576449 new 16 alive NA
1470576449 new 17 alive NA
1470576449 new 18 alive NA
1470576449 new 19 alive NA
1470576449 new 2 alive NA
1470576449 new 20 alive NA
1470576449 new 21 alive NA
1470576449 new 22 alive NA
1470576449 new 23 alive NA
1470576449 new 24 alive NA
1470576449 new 25 alive NA
1470576449 new 26 alive NA
1470576449 new 27 alive NA
1470576449 new 28 alive NA
1470576449 new 29 alive NA
1470576449 new 3 alive NA
1470576449 new 30 alive NA
1470576449 new 31 alive NA
1470576449 new 32 alive NA
1470576449 new 33 alive NA
1470576449 new 34 alive NA
1470576449 new 35 alive NA
1470576449 new 36 alive NA
1470576449 new 37 alive NA
1470576449 new 38 alive NA
1470576449 new 39 alive NA
1470576449 new 4 alive NA
1470576449 new 40 alive NA
1470576449 new 41 alive NA
1470576449 new 42 alive NA
1470576449 new 43 alive NA
1470576449 new 44 alive NA
1470576449 new 45 alive NA
1470576449 new 46 alive NA
1470576449 new 47 alive NA
1470576449 new 48 alive NA
1470576449 new 49 alive NA
1470576449 new 5 alive NA
1470576449 new 50 alive NA
1470576449 new 6 alive NA
1470576449 new 7 alive NA
1470576449 new 8 alive NA
1470576449 new 9 alive NA
1470576519 101 1470728835
1470576519 101 1470728835
1470576519 101 alive NA
1470576519 102 1470728835
1470576519 102 1470728835
1470576519 102 alive NA
1470576519 103 1470728835
1470576519 103 1470728835
1470576519 103 alive NA
1470576519 104 1470728835
1470576519 104 1470728835
1470576519 104 alive NA
1470576519 105 1470728835
1470576519 105 1470728835
1470576519 105 alive NA
1470576519 106 1470728835
1470576519 106 1470728835
1470576519 106 alive NA
1470576519 107 1470728835
1470576519 107 1470728835
1470576519 107 alive NA
1470576519 108 1470728835
1470576519 108 1470728835
1470576519 108 alive NA
1470576519 109 1470728835
1470576519 109 1470728835
1470576519 109 alive NA
1470576519 110 1470728835
1470576519 110 1470728835
1470576519 110 alive NA
1470576519 111 1470728835
1470576519 111 1470728835
1470576519 111 alive NA
1470576519 112 1470728835
1470576519 112 1470728835
1470576519 112 alive NA
1470576519 113 1470728835
1470576519 113 1470728835
1470576519 113 alive NA
1470576519 114 1470728835
1470576519 114 1470728835
1470576519 114 alive NA
1470576519 115 1470728835
1470576519 115 1470728835
1470576519 115 alive NA
1470576519 116 1470728835
1470576519 116 1470728835
1470576519 116 alive NA
1470576519 117 1470728835
1470576519 117 1470728835
1470576519 117 alive NA
1470576519 118 1470728835
1470576519 118 1470728835
1470576519 118 alive NA
1470576519 119 1470728835
1470576519 119 1470728835
1470576519 119 alive NA
1470576519 120 1470728835
1470576519 120 1470728835
1470576519 120 alive NA
1470576519 121 1470728835
1470576519 121 1470728835
1470576519 121 alive NA
1470576519 122 1470728835
1470576519 122 1470728835
1470576519 122 alive NA
1470576519 123 1470728835
1470576519 123 1470728835
1470576519 123 alive NA
1470576519 124 1470728835
1470576519 124 1470728835
1470576519 124 alive NA
1470576519 125 1470728835
1470576519 125 1470728835
1470576519 125 alive NA
1470576519 126 1470728835
1470576519 126 1470728835
1470576519 126 alive NA
1470576519 127 1470728835
1470576519 127 1470728835
1470576519 127 alive NA
1470576519 128 1470728835
1470576519 128 1470728835
1470576519 128 alive NA
1470576519 129 1470728835
1470576519 129 1470728835
1470576519 129 alive NA
1470576519 130 1470728835
1470576519 130 1470728835
1470576519 130 alive NA
1470576519 131 1470728835
1470576519 131 1470728835
1470576519 131 alive NA
1470576519 132 1470728835
1470576519 132 1470728835
1470576519 132 alive NA
1470576519 133 1470728835
1470576519 133 1470728835
1470576519 133 alive NA
1470576519 134 1470728835
1470576519 134 1470728835
1470576519 134 alive NA
1470576519 135 1470728835
1470576519 135 1470728835
1470576519 135 alive NA
1470576519 136 1470728835
1470576519 136 1470728835
1470576519 136 alive NA
1470576519 137 1470728835
1470576519 137 1470728835
1470576519 137 alive NA
1470576519 138 1470728835
1470576519 138 1470728835
1470576519 138 alive NA
1470576519 139 1470728835
1470576519 139 1470728835
1470576519 139 alive NA
1470576519 140 1470728835
1470576519 140 1470728835
1470576519 140 alive NA
1470576519 141 1470728835
1470576519 141 1470728835
1470576519 141 alive NA
1470576519 142 1470728835
1470576519 142 1470728835
1470576519 142 alive NA
1470576519 143 1470728835
1470576519 143 1470728835
1470576519 143 alive NA
1470576519 144 1470728835
1470576519 144 1470728835
1470576519 144 alive NA
1470576519 145 1470728835
1470576519 145 1470728835
1470576519 145 alive NA
1470576519 146 1470728835
1470576519 146 1470728835
1470576519 146 alive NA
1470576519 147 1470728835
1470576519 147 1470728835
1470576519 147 alive NA
1470576519 148 1470728835
1470576519 148 1470728835
1470576519 148 alive NA
1470576519 149 1470728835
1470576519 149 1470728835
1470576519 149 alive NA
1470576519 150 1470728835
1470576519 150 1470728835
1470576519 150 alive NA
1470576519 151 1470728835
1470576519 151 1470728835
1470576519 151 alive NA
1470576519 152 1470728835
1470576519 152 1470728835
1470576519 152 alive NA
1470576519 153 1470728835
1470576519 153 1470728835
1470576519 153 alive NA
1470576519 154 1470728835
1470576519 154 1470728835
1470576519 154 alive NA
1470576519 155 1470728835
1470576519 155 1470728835
1470576519 155 alive NA
1470576519 156 1470728835
1470576519 156 1470728835
1470576519 156 alive NA
1470576519 157 1470728835
1470576519 157 1470728835
1470576519 157 alive NA
1470576519 158 1470728835
1470576519 158 1470728835
1470576519 158 alive NA
1470576519 159 1470728835
1470576519 159 1470728835
1470576519 159 alive NA
1470576519 160 1470728835
1470576519 160 1470728835
1470576519 160 alive NA
1470576519 161 1470728835
1470576519 161 1470728835
1470576519 161 alive NA
1470576519 162 1470728835
1470576519 162 1470728835
1470576519 162 alive NA
1470576519 163 1470728835
1470576519 163 1470728835
1470576519 163 alive NA
1470576519 164 1470728835
1470576519 164 1470728835
1470576519 164 alive NA
1470576519 165 1470728835
1470576519 165 1470728835
1470576519 165 alive NA
1470576519 166 1470728835
1470576519 166 1470728835
1470576519 166 alive NA
1470576519 167 1470728835
1470576519 167 1470728835
1470576519 167 alive NA
1470576519 168 1470728835
1470576519 168 1470728835
1470576519 168 alive NA
1470576519 169 1470728835
1470576519 169 1470728835
1470576519 169 alive NA
1470576519 170 1470728835
1470576519 170 1470728835
1470576519 170 alive NA
1470576519 171 1470728835
1470576519 171 1470728835
1470576519 171 alive NA
1470576519 172 1470728835
1470576519 172 1470728835
1470576519 172 alive NA
1470576519 173 1470728835
1470576519 173 1470728835
1470576519 173 alive NA
1470576519 174 1470728835
1470576519 174 1470728835
1470576519 174 alive NA
1470576519 175 1470728835
1470576519 175 1470728835
1470576519 175 alive NA
1470576519 176 1470728835
1470576519 176 1470728835
1470576519 176 alive NA
1470576519 177 1470728835
1470576519 177 1470728835
1470576519 177 alive NA
1470576519 178 1470728835
1470576519 178 1470728835
1470576519 178 alive NA
1470576519 179 1470728835
1470576519 179 1470728835
1470576519 179 alive NA
1470576519 180 1470728835
1470576519 180 1470728835
1470576519 180 alive NA
1470576519 181 1470728835
1470576519 181 1470728835
1470576519 181 alive NA
1470576519 182 1470728835
1470576519 182 1470728835
1470576519 182 alive NA
1470576519 183 1470728835
1470576519 183 1470728835
1470576519 183 alive NA
1470576519 184 1470728835
1470576519 184 1470728835
1470576519 184 alive NA
1470576519 185 1470728835
1470576519 185 1470728835
1470576519 185 alive NA
1470576519 186 1470728835
1470576519 186 1470728835
1470576519 186 alive NA
1470576519 187 1470728835
1470576519 187 1470728835
1470576519 187 alive NA
1470576519 188 1470728835
1470576519 188 1470728835
1470576519 188 alive NA
1470576519 189 1470728835
1470576519 189 1470728835
1470576519 189 alive NA
1470576519 190 1470728835
1470576519 190 1470728835
1470576519 190 alive NA
1470576519 191 1470728835
1470576519 191 1470728835
1470576519 191 alive NA
1470576519 192 1470728835
1470576519 192 1470728835
1470576519 192 alive NA
1470576519 193 1470728835
1470576519 193 1470728835
1470576519 193 alive NA
1470576519 194 1470728835
1470576519 194 1470728835
1470576519 194 alive NA
1470576519 195 1470728835
1470576519 195 1470728835
1470576519 195 alive NA
1470576519 196 1470728835
1470576519 196 1470728835
1470576519 196 alive NA
1470576519 197 1470728835
1470576519 197 1470728835
1470576519 197 alive NA
1470576519 198 1470728835
1470576519 198 1470728835
1470576519 198 alive NA
1470576519 199 1470728835
1470576519 199 1470728835
1470576519 199 alive NA
1470576519 200 1470728835
1470576519 200 1470728835
1470576519 200 alive NA
1470576519 201 1470728835
1470576519 201 1470728835
1470576519 201 alive NA
1470576519 202 1470728835
1470576519 202 1470728835
1470576519 202 alive NA
1470576519 203 1470728835
1470576519 203 1470728835
1470576519 203 alive NA
1470576519 204 1470728835
1470576519 204 1470728835
1470576519 204 alive NA
1470576519 205 1470728835
1470576519 205 1470728835
1470576519 205 alive NA
1470576519 206 1470728835
1470576519 206 1470728835
1470576519 206 alive NA
1470576519 207 1470728835
1470576519 207 1470728835
1470576519 207 alive NA
1470576519 208 1470728835
1470576519 208 1470728835
1470576519 208 alive NA
1470576519 209 1470728835
1470576519 209 1470728835
1470576519 209 alive NA
1470576519 210 1470728835
1470576519 210 1470728835
1470576519 210 alive NA
1470576519 211 1470728835
1470576519 211 1470728835
1470576519 211 alive NA
1470576519 212 1470728835
1470576519 212 1470728835
1470576519 212 alive NA
1470576519 213 1470728835
1470576519 213 1470728835
1470576519 213 alive NA
1470576519 214 1470728835
1470576519 214 1470728835
1470576519 214 alive NA
1470576519 215 1470728835
1470576519 215 1470728835
1470576519 215 alive NA
1470576519 216 1470728835
1470576519 216 1470728835
1470576519 216 alive NA
1470576519 217 1470728835
1470576519 217 1470728835
1470576519 217 alive NA
1470576519 218 1470728835
1470576519 218 1470728835
1470576519 218 alive NA
1470576519 219 1470728835
1470576519 219 1470728835
1470576519 219 alive NA
1470576519 220 1470728835
1470576519 220 1470728835
1470576519 220 alive NA
1470576519 221 1470728835
1470576519 221 1470728835
1470576519 221 alive NA
1470576519 222 1470728835
1470576519 222 1470728835
1470576519 222 alive NA
1470576519 223 1470728835
1470576519 223 1470728835
1470576519 223 alive NA
1470576519 224 1470728835
1470576519 224 1470728835
1470576519 224 alive NA
1470576519 225 1470728835
1470576519 225 1470728835
1470576519 225 alive NA
1470576519 226 1470728835
1470576519 226 1470728835
1470576519 226 alive NA
1470576519 227 1470728835
1470576519 227 1470728835
1470576519 227 alive NA
1470576519 228 1470728835
1470576519 228 1470728835
1470576519 228 alive NA
1470576519 229 1470728835
1470576519 229 1470728835
1470576519 229 alive NA
1470576519 230 1470728835
1470576519 230 1470728835
1470576519 230 alive NA
1470576519 231 1470728835
1470576519 231 1470728835
1470576519 231 alive NA
1470576519 232 1470728835
1470576519 232 1470728835
1470576519 232 alive NA
1470576519 233 1470728835
1470576519 233 1470728835
1470576519 233 alive NA
1470576519 234 1470728835
1470576519 234 1470728835
1470576519 234 alive NA
1470576519 235 1470728835
1470576519 235 1470728835
1470576519 235 alive NA
1470576519 236 1470728835
1470576519 236 1470728835
1470576519 236 alive NA
1470576519 237 1470728835
1470576519 237 1470728835
1470576519 237 alive NA
1470576519 238 1470728835
1470576519 238 1470728835
1470576519 238 alive NA
1470576519 239 1470728835
1470576519 239 1470728835
1470576519 239 alive NA
1470576519 240 1470728835
1470576519 240 1470728835
1470576519 240 alive NA
1470576519 241 1470728835
1470576519 241 1470728835
1470576519 241 alive NA
1470576519 242 1470728835
1470576519 242 1470728835
1470576519 242 alive NA
1470576519 243 1470728835
1470576519 243 1470728835
1470576519 243 alive NA
1470576519 244 1470728835
1470576519 244 1470728835
1470576519 244 alive NA
1470576519 245 1470728835
1470576519 245 1470728835
1470576519 245 alive NA
1470576519 246 1470728835
1470576519 246 1470728835
1470576519 246 alive NA
1470576519 247 1470728835
1470576519 247 1470728835
1470576519 247 alive NA
1470576519 248 1470728835
1470576519 248 1470728835
1470576519 248 alive NA
1470576519 249 1470728835
1470576519 249 1470728835
1470576519 249 alive NA
1470576519 250 1470728835
1470576519 250 1470728835
1470576519 250 alive NA
1470576519 251 1470728835
1470576519 251 1470728835
1470576519 251 alive NA
1470576519 252 1470728835
1470576519 252 1470728835
1470576519 252 alive NA
1470576519 253 1470728835
1470576519 253 1470728835
1470576519 253 alive NA
1470576519 254 1470728835
1470576519 254 1470728835
1470576519 254 alive NA
1470576519 255 1470728835
1470576519 255 1470728835
1470576519 255 alive NA
1470576519 256 1470728835
1470576519 256 1470728835
1470576519 256 alive NA
1470576519 257 1470728835
1470576519 257 1470728835
1470576519 257 alive NA
1470576519 258 1470728835
1470576519 258 1470728835
1470576519 258 alive NA
1470576519 259 1470728835
1470576519 259 1470728835
1470576519 259 alive NA
1470576519 260 1470728835
1470576519 260 1470728835
1470576519 260 alive NA
1470576519 261 1470728835
1470576519 261 1470728835
1470576519 261 alive NA
1470576519 262 1470728835
1470576519 262 1470728835
1470576519 262 alive NA
1470576519 263 1470728835
1470576519 263 1470728835
1470576519 263 alive NA
1470576519 264 1470728835
1470576519 264 1470728835
1470576519 264 alive NA
1470576519 265 1470728835
1470576519 265 1470728835
1470576519 265 alive NA
1470576519 266 1470728835
1470576519 266 1470728835
1470576519 266 alive NA
1470576519 267 1470728835
1470576519 267 1470728835
1470576519 267 alive NA
1470576519 268 1470728835
1470576519 268 1470728835
1470576519 268 alive NA
1470576519 269 1470728835
1470576519 269 1470728835
1470576519 269 alive NA
1470576519 270 1470728835
1470576519 270 1470728835
1470576519 270 alive NA
1470576519 271 1470728835
1470576519 271 1470728835
1470576519 271 alive NA
1470576519 272 1470728835
1470576519 272 1470728835
1470576519 272 alive NA
1470576519 273 1470728835
1470576519 273 1470728835
1470576519 273 alive NA
1470576519 274 1470728835
1470576519 274 1470728835
1470576519 274 alive NA
1470576519 275 1470728835
1470576519 275 1470728835
1470576519 275 alive NA
1470576519 276 1470728835
1470576519 276 1470728835
1470576519 276 alive NA
1470576519 277 1470728835
1470576519 277 1470728835
1470576519 277 alive NA
1470576519 278 1470728835
1470576519 278 1470728835
1470576519 278 alive NA
1470576519 279 1470728835
1470576519 279 1470728835
1470576519 279 alive NA
1470576519 280 1470728835
1470576519 280 1470728835
1470576519 280 alive NA
1470576519 281 1470728835
1470576519 281 1470728835
1470576519 281 alive NA
1470576519 282 1470728835
1470576519 282 1470728835
1470576519 282 alive NA
1470576519 283 1470728835
1470576519 283 1470728835
1470576519 283 alive NA
1470576519 284 1470728835
1470576519 284 1470728835
1470576519 284 alive NA
1470576519 285 1470728835
1470576519 285 1470728835
1470576519 285 alive NA
1470576519 286 1470728835
1470576519 286 1470728835
1470576519 286 alive NA
1470576519 287 1470728835
1470576519 287 1470728835
1470576519 287 alive NA
1470576519 288 1470728835
1470576519 288 1470728835
1470576519 288 alive NA
1470576519 289 1470728835
1470576519 289 1470728835
1470576519 289 alive NA
1470576519 290 1470728835
1470576519 290 1470728835
1470576519 290 alive NA
1470576519 291 1470728835
1470576519 291 1470728835
1470576519 291 alive NA
1470576519 292 1470728835
1470576519 292 1470728835
1470576519 292 alive NA
1470576519 293 1470728835
1470576519 293 1470728835
1470576519 293 alive NA
1470576519 294 1470728835
1470576519 294 1470728835
1470576519 294 alive NA
1470576519 295 1470728835
1470576519 295 1470728835
1470576519 295 alive NA
1470576519 296 1470728835
1470576519 296 1470728835
1470576519 296 alive NA
1470576519 297 1470728835
1470576519 297 1470728835
1470576519 297 alive NA
1470576519 298 1470728835
1470576519 298 1470728835
1470576519 298 alive NA
1470576519 299 1470728835
1470576519 299 1470728835
1470576519 299 alive NA
1470576519 300 1470728835
1470576519 300 1470728835
1470576519 300 alive NA
1470576519 301 1470728835
1470576519 301 1470728835
1470576519 301 alive NA
1470576519 302 1470728835
1470576519 302 1470728835
1470576519 302 alive NA
1470576519 303 1470728835
1470576519 303 1470728835
1470576519 303 alive NA
1470576519 304 1470728835
1470576519 304 1470728835
1470576519 304 alive NA
1470576519 305 1470728835
1470576519 305 1470728835
1470576519 305 alive NA
1470576519 306 1470728835
1470576519 306 1470728835
1470576519 306 alive NA
1470576519 307 1470728835
1470576519 307 1470728835
1470576519 307 alive NA
1470576519 308 1470728835
1470576519 308 1470728835
1470576519 308 alive NA
1470576519 309 1470728835
1470576519 309 1470728835
1470576519 309 alive NA
1470576519 310 1470728835
1470576519 310 1470728835
1470576519 310 alive NA
1470576519 311 1470728835
1470576519 311 1470728835
1470576519 311 alive NA
1470576519 312 1470728835
1470576519 312 1470728835
1470576519 312 alive NA
1470576519 313 1470728835
1470576519 313 1470728835
1470576519 313 alive NA
1470576519 314 1470728835
1470576519 314 1470728835
1470576519 314 alive NA
1470576519 315 1470728835
1470576519 315 1470728835
1470576519 315 alive NA
1470576519 316 1470728835
1470576519 316 1470728835
1470576519 316 alive NA
1470576519 317 1470728835
1470576519 317 1470728835
1470576519 317 alive NA
1470576519 318 1470728835
1470576519 318 1470728835
1470576519 318 alive NA
1470576519 319 1470728835
1470576519 319 1470728835
1470576519 319 alive NA
1470576519 320 1470728835
1470576519 320 1470728835
1470576519 320 alive NA
1470576519 321 1470728835
1470576519 321 1470728835
1470576519 321 alive NA
1470576519 322 1470728835
1470576519 322 1470728835
1470576519 322 alive NA
1470576519 323 1470728835
1470576519 323 1470728835
1470576519 323 alive NA
1470576519 324 1470728835
1470576519 324 1470728835
1470576519 324 alive NA
1470576519 325 1470728835
1470576519 325 1470728835
1470576519 325 alive NA
1470576519 326 1470728835
1470576519 326 1470728835
1470576519 326 alive NA
1470576519 327 1470728835
1470576519 327 1470728835
1470576519 327 alive NA
1470576519 328 1470728835
1470576519 328 1470728835
1470576519 328 alive NA
1470576519 329 1470728835
1470576519 329 1470728835
1470576519 329 alive NA
1470576519 330 1470728835
1470576519 330 1470728835
1470576519 330 alive NA
1470576519 331 1470728835
1470576519 331 1470728835
1470576519 331 alive NA
1470576519 332 1470728835
1470576519 332 1470728835
1470576519 332 alive NA
1470576519 333 1470728835
1470576519 333 1470728835
1470576519 333 alive NA
1470576519 334 1470728835
1470576519 334 1470728835
1470576519 334 alive NA
1470576519 335 1470728835
1470576519 335 1470728835
1470576519 335 alive NA
1470576519 336 1470728835
1470576519 336 1470728835
1470576519 336 alive NA
1470576519 337 1470728835
1470576519 337 1470728835
1470576519 337 alive NA
1470576519 338 1470728835
1470576519 338 1470728835
1470576519 338 alive NA
1470576519 339 1470728835
1470576519 339 1470728835
1470576519 339 alive NA
1470576519 340 1470728835
1470576519 340 1470728835
1470576519 340 alive NA
1470576519 341 1470728835
1470576519 341 1470728835
1470576519 341 alive NA
1470576519 342 1470728835
1470576519 342 1470728835
1470576519 342 alive NA
1470576519 343 1470728835
1470576519 343 1470728835
1470576519 343 alive NA
1470576519 344 1470728835
1470576519 344 1470728835
1470576519 344 alive NA
1470576519 345 1470728835
1470576519 345 1470728835
1470576519 345 alive NA
1470576519 346 1470728835
1470576519 346 1470728835
1470576519 346 alive NA
1470576519 347 1470728835
1470576519 347 1470728835
1470576519 347 alive NA
1470576519 348 1470728835
1470576519 348 1470728835
1470576519 348 alive NA
1470576519 349 1470728835
1470576519 349 1470728835
1470576519 349 alive NA
1470576519 350 1470728835
1470576519 350 1470728835
1470576519 350 alive NA
1470576519 351 1470728835
1470576519 351 1470728835
1470576519 351 alive NA
1470576519 352 1470728835
1470576519 352 1470728835
1470576519 352 alive NA
1470576519 353 1470728835
1470576519 353 1470728835
1470576519 353 alive NA
1470576519 354 1470728835
1470576519 354 1470728835
1470576519 354 alive NA
1470576519 355 1470728835
1470576519 355 1470728835
1470576519 355 alive NA
1470576519 356 1470728835
1470576519 356 1470728835
1470576519 356 alive NA
1470576519 357 1470728835
1470576519 357 1470728835
1470576519 357 alive NA
1470576519 358 1470728835
1470576519 358 1470728835
1470576519 358 alive NA
1470576519 359 1470728835
1470576519 359 1470728835
1470576519 359 alive NA
1470576519 360 1470728835
1470576519 360 1470728835
1470576519 360 alive NA
1470576519 361 1470728835
1470576519 361 1470728835
1470576519 361 alive NA
1470576519 362 1470728835
1470576519 362 1470728835
1470576519 362 alive NA
1470576519 363 1470728835
1470576519 363 1470728835
1470576519 363 alive NA
1470576519 364 1470728835
1470576519 364 1470728835
1470576519 364 alive NA
1470576519 365 1470728835
1470576519 365 1470728835
1470576519 365 alive NA
1470576519 366 1470728835
1470576519 366 1470728835
1470576519 366 alive NA
1470576519 367 1470728835
1470576519 367 1470728835
1470576519 367 alive NA
1470576519 368 1470728835
1470576519 368 1470728835
1470576519 368 alive NA
1470576519 369 1470728835
1470576519 369 1470728835
1470576519 369 alive NA
1470576519 370 1470728835
1470576519 370 1470728835
1470576519 370 alive NA
1470576519 371 1470728835
1470576519 371 1470728835
1470576519 371 alive NA
1470576519 372 1470728835
1470576519 372 1470728835
1470576519 372 alive NA
1470576519 373 1470728835
1470576519 373 1470728835
1470576519 373 alive NA
1470576519 374 1470728835
1470576519 374 1470728835
1470576519 374 alive NA
1470576519 375 1470728835
1470576519 375 1470728835
1470576519 375 alive NA
1470576519 376 1470728835
1470576519 376 1470728835
1470576519 376 alive NA
1470576519 377 1470728835
1470576519 377 1470728835
1470576519 377 alive NA
1470576519 378 1470728835
1470576519 378 1470728835
1470576519 378 alive NA
1470576519 379 1470728835
1470576519 379 1470728835
1470576519 379 alive NA
1470576519 380 1470728835
1470576519 380 1470728835
1470576519 380 alive NA
1470576519 381 1470728835
1470576519 381 1470728835
1470576519 381 alive NA
1470576519 382 1470728835
1470576519 382 1470728835
1470576519 382 alive NA
1470576519 383 1470728835
1470576519 383 1470728835
1470576519 383 alive NA
1470576519 384 1470728835
1470576519 384 1470728835
1470576519 384 alive NA
1470576519 385 1470728835
1470576519 385 1470728835
1470576519 385 alive NA
1470576519 386 1470728835
1470576519 386 1470728835
1470576519 386 alive NA
1470576519 387 1470728835
1470576519 387 1470728835
1470576519 387 alive NA
1470576519 388 1470728835
1470576519 388 1470728835
1470576519 388 alive NA
1470576519 389 1470728835
1470576519 389 1470728835
1470576519 389 alive NA
1470576519 390 1470728835
1470576519 390 1470728835
1470576519 390 alive NA
1470576519 391 1470728835
1470576519 391 1470728835
1470576519 391 alive NA
1470576519 392 1470728835
1470576519 392 1470728835
1470576519 392 alive NA
1470576519 393 1470728835
1470576519 393 1470728835
1470576519 393 alive NA
1470576519 394 1470728835
1470576519 394 1470728835
1470576519 394 alive NA
1470576519 395 1470728835
1470576519 395 1470728835
1470576519 395 alive NA
1470576519 396 1470728835
1470576519 396 1470728835
1470576519 396 alive NA
1470576519 397 1470728835
1470576519 397 1470728835
1470576519 397 alive NA
1470576519 398 1470728835
1470576519 398 1470728835
1470576519 398 alive NA
1470576519 399 1470728835
1470576519 399 1470728835
1470576519 399 alive NA
1470576519 400 1470728835
1470576519 400 1470728835
1470576519 400 alive NA
1470576519 401 1470728835
1470576519 401 1470728835
1470576519 401 alive NA
1470576519 402 1470728835
1470576519 402 1470728835
1470576519 402 alive NA
1470576519 403 1470728835
1470576519 403 1470728835
1470576519 403 alive NA
1470576519 404 1470728835
1470576519 404 1470728835
1470576519 404 alive NA
1470576519 405 1470728835
1470576519 405 1470728835
1470576519 405 alive NA
1470576519 406 1470728835
1470576519 406 1470728835
1470576519 406 alive NA
1470576519 407 1470728835
1470576519 407 1470728835
1470576519 407 alive NA
1470576519 408 1470728835
1470576519 408 1470728835
1470576519 408 alive NA
1470576519 409 1470728835
1470576519 409 1470728835
1470576519 409 alive NA
1470576519 410 1470728835
1470576519 410 1470728835
1470576519 410 alive NA
1470576519 411 1470728835
1470576519 411 1470728835
1470576519 411 alive NA
1470576519 412 1470728835
1470576519 412 1470728835
1470576519 412 alive NA
1470576519 413 1470728835
1470576519 413 1470728835
1470576519 413 alive NA
1470576519 414 1470728835
1470576519 414 1470728835
1470576519 414 alive NA
1470576519 415 1470728835
1470576519 415 1470728835
1470576519 415 alive NA
1470576519 416 1470728835
1470576519 416 1470728835
1470576519 416 alive NA
1470576519 417 1470728835
1470576519 417 1470728835
1470576519 417 alive NA
1470576519 418 1470728835
1470576519 418 1470728835
1470576519 418 alive NA
1470576519 419 1470728835
1470576519 419 1470728835
1470576519 419 alive NA
1470576519 420 1470728835
1470576519 420 1470728835
1470576519 420 alive NA
1470576519 421 1470728835
1470576519 421 1470728835
1470576519 421 alive NA
1470576519 422 1470728835
1470576519 422 1470728835
1470576519 422 alive NA
1470576519 423 1470728835
1470576519 423 1470728835
1470576519 423 alive NA
1470576519 424 1470728835
1470576519 424 1470728835
1470576519 424 alive NA
1470576519 425 1470728835
1470576519 425 1470728835
1470576519 425 alive NA
1470576519 426 1470728835
1470576519 426 1470728835
1470576519 426 alive NA
1470576519 427 1470728835
1470576519 427 1470728835
1470576519 427 alive NA
1470576519 428 1470728835
1470576519 428 1470728835
1470576519 428 alive NA
1470576519 429 1470728835
1470576519 429 1470728835
1470576519 429 alive NA
1470576519 430 1470728835
1470576519 430 1470728835
1470576519 430 alive NA
1470576519 431 1470728835
1470576519 431 1470728835
1470576519 431 alive NA
1470576519 432 1470728835
1470576519 432 1470728835
1470576519 432 alive NA
1470576519 433 1470728835
1470576519 433 1470728835
1470576519 433 alive NA
1470576519 434 1470728835
1470576519 434 1470728835
1470576519 434 alive NA
1470576519 435 1470728835
1470576519 435 1470728835
1470576519 435 alive NA
1470576519 436 1470728835
1470576519 436 1470728835
1470576519 436 alive NA
1470576519 437 1470728835
1470576519 437 1470728835
1470576519 437 alive NA
1470576519 438 1470728835
1470576519 438 1470728835
1470576519 438 alive NA
1470576519 439 1470728835
1470576519 439 1470728835
1470576519 439 alive NA
1470576519 440 1470728835
1470576519 440 1470728835
1470576519 440 alive NA
1470576519 441 1470728835
1470576519 441 1470728835
1470576519 441 alive NA
1470576519 442 1470728835
1470576519 442 1470728835
1470576519 442 alive NA
1470576519 443 1470728835
1470576519 443 1470728835
1470576519 443 alive NA
1470576519 444 1470728835
1470576519 444 1470728835
1470576519 444 alive NA
1470576519 445 1470728835
1470576519 445 1470728835
1470576519 445 alive NA
1470576519 446 1470728835
1470576519 446 1470728835
1470576519 446 alive NA
1470576519 447 1470728835
1470576519 447 1470728835
1470576519 447 alive NA
1470576519 448 1470728835
1470576519 448 1470728835
1470576519 448 alive NA
1470576519 449 1470728835
1470576519 449 1470728835
1470576519 449 alive NA
1470576519 450 1470728835
1470576519 450 1470728835
1470576519 450 alive NA
1470576519 451 1470728835
1470576519 451 1470728835
1470576519 451 alive NA
1470576519 452 1470728835
1470576519 452 1470728835
1470576519 452 alive NA
1470576519 453 1470728835
1470576519 453 1470728835
1470576519 453 alive NA
1470576519 454 1470728835
1470576519 454 1470728835
1470576519 454 alive NA
1470576519 455 1470728835
1470576519 455 1470728835
1470576519 455 alive NA
1470576519 456 1470728835
1470576519 456 1470728835
1470576519 456 alive NA
1470576519 457 1470728835
1470576519 457 1470728835
1470576519 457 alive NA
1470576519 458 1470728835
1470576519 458 1470728835
1470576519 458 alive NA
1470576519 459 1470728835
1470576519 459 1470728835
1470576519 459 alive NA
1470576519 460 1470728835
1470576519 460 1470728835
1470576519 460 alive NA
1470576519 461 1470728835
1470576519 461 1470728835
1470576519 461 alive NA
1470576519 462 1470728835
1470576519 462 1470728835
1470576519 462 alive NA
1470576519 463 1470728835
1470576519 463 1470728835
1470576519 463 alive NA
1470576519 464 1470728835
1470576519 464 1470728835
1470576519 464 alive NA
1470576519 465 1470728835
1470576519 465 1470728835
1470576519 465 alive NA
1470576519 466 1470728835
1470576519 466 1470728835
1470576519 466 alive NA
1470576519 467 1470728835
1470576519 467 1470728835
1470576519 467 alive NA
1470576519 468 1470728835
1470576519 468 1470728835
1470576519 468 alive NA
1470576519 469 1470728835
1470576519 469 1470728835
1470576519 469 alive NA
1470576519 470 1470728835
1470576519 470 1470728835
1470576519 470 alive NA
1470576519 471 1470728835
1470576519 471 1470728835
1470576519 471 alive NA
1470576519 472 1470728835
1470576519 472 1470728835
1470576519 472 alive NA
1470576519 473 1470728835
1470576519 473 1470728835
1470576519 473 alive NA
1470576519 474 1470728835
1470576519 474 1470728835
1470576519 474 alive NA
1470576519 475 1470728835
1470576519 475 1470728835
1470576519 475 alive NA
1470576519 476 1470728835
1470576519 476 1470728835
1470576519 476 alive NA
1470576519 477 1470728835
1470576519 477 1470728835
1470576519 477 alive NA
1470576519 478 1470728835
1470576519 478 1470728835
1470576519 478 alive NA
1470576519 479 1470728835
1470576519 479 1470728835
1470576519 479 alive NA
1470576519 480 1470728835
1470576519 480 1470728835
1470576519 480 alive NA
1470576519 481 1470728835
1470576519 481 1470728835
1470576519 481 alive NA
1470576519 482 1470728835
1470576519 482 1470728835
1470576519 482 alive NA
1470576519 483 1470728835
1470576519 483 1470728835
1470576519 483 alive NA
1470576519 484 1470728835
1470576519 484 1470728835
1470576519 484 alive NA
1470576519 485 1470728835
1470576519 485 1470728835
1470576519 485 alive NA
1470576519 486 1470728835
1470576519 486 1470728835
1470576519 486 alive NA
1470576519 487 1470728835
1470576519 487 1470728835
1470576519 487 alive NA
1470576519 488 1470728835
1470576519 488 1470728835
1470576519 488 alive NA
1470576519 489 1470728835
1470576519 489 1470728835
1470576519 489 alive NA
1470576519 490 1470728835
1470576519 490 1470728835
1470576519 490 alive NA
1470576519 491 1470728835
1470576519 491 1470728835
1470576519 491 alive NA
1470576519 492 1470728835
1470576519 492 1470728835
1470576519 492 alive NA
1470576519 493 1470728835
1470576519 493 1470728835
1470576519 493 alive NA
1470576519 494 1470728835
1470576519 494 1470728835
1470576519 494 alive NA
1470576519 495 1470728835
1470576519 495 1470728835
1470576519 495 alive NA
1470576519 496 1470728835
1470576519 496 1470728835
1470576519 496 alive NA
1470576519 497 1470728835
1470576519 497 1470728835
1470576519 497 alive NA
1470576519 498 1470728835
1470576519 498 1470728835
1470576519 498 alive NA
1470576519 499 1470728835
1470576519 499 1470728835
1470576519 499 alive NA
1470576519 500 1470728835
1470576519 500 1470728835
1470576519 500 alive NA
1470576589 1 alive NA
1470576589 10 alive NA
1470576589 100 alive NA
1470576589 101 alive NA
1470576589 102 alive NA
1470576589 103 alive NA
1470576589 104 alive NA
1470576589 105 alive NA
1470576589 106 alive NA
1470576589 107 alive NA
1470576589 108 alive NA
1470576589 109 alive NA
1470576589 11 alive NA
1470576589 110 alive NA
1470576589 111 alive NA
1470576589 112 alive NA
1470576589 113 alive NA
1470576589 114 alive NA
1470576589 115 alive NA
1470576589 116 alive NA
1470576589 117 alive NA
1470576589 118 alive NA
1470576589 119 alive NA
1470576589 12 alive NA
1470576589 120 alive NA
1470576589 121 alive NA
1470576589 122 alive NA
1470576589 123 alive NA
1470576589 124 alive NA
1470576589 125 alive NA
1470576589 126 alive NA
1470576589 127 alive NA
1470576589 128 alive NA
1470576589 129 alive NA
1470576589 13 alive NA
1470576589 130 alive NA
1470576589 131 alive NA
1470576589 132 alive NA
1470576589 133 alive NA
1470576589 134 alive NA
1470576589 135 alive NA
1470576589 136 alive NA
1470576589 137 alive NA
1470576589 138 alive NA
1470576589 139 alive NA
1470576589 14 alive NA
1470576589 140 alive NA
1470576589 141 alive NA
1470576589 142 alive NA
1470576589 143 alive NA
1470576589 144 alive NA
1470576589 145 alive NA
1470576589 146 alive NA
1470576589 147 alive NA
1470576589 148 alive NA
1470576589 149 alive NA
1470576589 15 alive NA
1470576589 150 alive NA
1470576589 151 alive NA
1470576589 152 alive NA
1470576589 153 alive NA
1470576589 154 alive NA
1470576589 155 alive NA
1470576589 156 alive NA
1470576589 157 alive NA
1470576589 158 alive NA
1470576589 159 alive NA
1470576589 16 alive NA
1470576589 160 alive NA
1470576589 161 alive NA
1470576589 162 alive NA
1470576589 163 alive NA
1470576589 164 alive NA
1470576589 165 alive NA
1470576589 166 alive NA
1470576589 167 alive NA
1470576589 168 alive NA
1470576589 169 alive NA
1470576589 17 alive NA
1470576589 170 alive NA
1470576589 171 alive NA
1470576589 172 alive NA
1470576589 173 alive NA
1470576589 174 alive NA
1470576589 175 alive NA
1470576589 176 alive NA
1470576589 177 alive NA
1470576589 178 alive NA
1470576589 179 alive NA
1470576589 18 alive NA
1470576589 180 alive NA
1470576589 181 alive NA
1470576589 182 alive NA
1470576589 183 alive NA
1470576589 184 alive NA
1470576589 185 alive NA
1470576589 186 alive NA
1470576589 187 alive NA
1470576589 188 alive NA
1470576589 189 alive NA
1470576589 19 alive NA
1470576589 190 alive NA
1470576589 191 alive NA
1470576589 192 alive NA
1470576589 193 alive NA
1470576589 194 alive NA
1470576589 195 alive NA
1470576589 196 alive NA
1470576589 197 alive NA
1470576589 198 alive NA
1470576589 199 alive NA
1470576589 2 alive NA
1470576589 20 alive NA
1470576589 200 alive NA
1470576589 201 alive NA
1470576589 202 alive NA
1470576589 203 alive NA
1470576589 204 alive NA
1470576589 205 alive NA
1470576589 206 alive NA
1470576589 207 alive NA
1470576589 208 alive NA
1470576589 209 alive NA
1470576589 21 alive NA
1470576589 210 alive NA
1470576589 211 alive NA
1470576589 212 alive NA
1470576589 213 alive NA
1470576589 214 alive NA
1470576589 215 alive NA
1470576589 216 alive NA
1470576589 217 alive NA
1470576589 218 alive NA
1470576589 219 alive NA
1470576589 22 alive NA
1470576589 220 alive NA
1470576589 221 alive NA
1470576589 222 alive NA
1470576589 223 alive NA
1470576589 224 alive NA
1470576589 225 alive NA
1470576589 226 alive NA
1470576589 227 alive NA
1470576589 228 alive NA
1470576589 229 alive NA
1470576589 23 alive NA
1470576589 230 alive NA
1470576589 231 alive NA
1470576589 232 alive NA
1470576589 233 alive NA
1470576589 234 alive NA
1470576589 235 alive NA
1470576589 236 alive NA
1470576589 237 alive NA
1470576589 238 alive NA
1470576589 239 alive NA
1470576589 24 alive NA
1470576589 240 alive NA
1470576589 241 alive NA
1470576589 242 alive NA
1470576589 243 alive NA
1470576589 244 alive NA
1470576589 245 alive NA
1470576589 246 alive NA
1470576589 247 alive NA
1470576589 248 alive NA
1470576589 249 alive NA
1470576589 25 alive NA
1470576589 250 alive NA
1470576589 251 alive NA
1470576589 252 alive NA
1470576589 253 alive NA
1470576589 254 alive NA
1470576589 255 alive NA
1470576589 256 alive NA
1470576589 257 alive NA
1470576589 258 alive NA
1470576589 259 alive NA
1470576589 26 alive NA
1470576589 260 alive NA
1470576589 261 alive NA
1470576589 262 alive NA
1470576589 263 alive NA
1470576589 264 alive NA
1470576589 265 alive NA
1470576589 266 alive NA
1470576589 267 alive NA
1470576589 268 alive NA
1470576589 269 alive NA
1470576589 27 alive NA
1470576589 270 alive NA
1470576589 271 alive NA
1470576589 272 alive NA
1470576589 273 alive NA
1470576589 274 alive NA
1470576589 275 alive NA
1470576589 276 alive NA
1470576589 277 alive NA
1470576589 278 alive NA
1470576589 279 alive NA
1470576589 28 alive NA
1470576589 280 alive NA
1470576589 281 alive NA
1470576589 282 alive NA
1470576589 283 alive NA
1470576589 284 alive NA
1470576589 285 alive NA
1470576589 286 alive NA
1470576589 287 alive NA
1470576589 288 alive NA
1470576589 289 alive NA
1470576589 29 alive NA
1470576589 290 alive NA
1470576589 291 alive NA
1470576589 292 alive NA
1470576589 293 alive NA
1470576589 294 alive NA
1470576589 295 alive NA
1470576589 296 alive NA
1470576589 297 alive NA
1470576589 298 alive NA
1470576589 299 alive NA
1470576589 3 alive NA
1470576589 300 alive NA
1470576589 301 alive NA
1470576589 302 alive NA
1470576589 303 alive NA
1470576589 304 alive NA
1470576589 305 alive NA
1470576589 306 alive NA
1470576589 307 alive NA
1470576589 308 alive NA
1470576589 309 alive NA
1470576589 310 alive NA
1470576589 311 alive NA
1470576589 312 alive NA
1470576589 313 alive NA
1470576589 314 alive NA
1470576589 315 alive NA
1470576589 316 alive NA
1470576589 317 alive NA
1470576589 318 alive NA
1470576589 319 alive NA
1470576589 320 alive NA
1470576589 321 alive NA
1470576589 322 alive NA
1470576589 323 alive NA
1470576589 324 alive NA
1470576589 325 alive NA
1470576589 326 alive NA
1470576589 327 alive NA
1470576589 328 alive NA
1470576589 329 alive NA
1470576589 330 alive NA
1470576589 331 alive NA
1470576589 332 alive NA
1470576589 333 alive NA
1470576589 334 alive NA
1470576589 335 alive NA
1470576589 336 alive NA
1470576589 337 alive NA
1470576589 338 alive NA
1470576589 339 alive NA
1470576589 340 alive NA
1470576589 341 alive NA
1470576589 342 alive NA
1470576589 343 alive NA
1470576589 344 alive NA
1470576589 345 alive NA
1470576589 346 alive NA
1470576589 347 alive NA
1470576589 348 alive NA
1470576589 349 alive NA
1470576589 350 alive NA
1470576589 351 alive NA
1470576589 352 alive NA
1470576589 353 alive NA
1470576589 354 alive NA
1470576589 355 alive NA
1470576589 356 alive NA
1470576589 357 alive NA
1470576589 358 alive NA
1470576589 359 alive NA
1470576589 36 alive NA
1470576589 360 alive NA
1470576589 361 alive NA
1470576589 362 alive NA
1470576589 363 alive NA
1470576589 364 alive NA
1470576589 365 alive NA
1470576589 366 alive NA
1470576589 367 alive NA
1470576589 368 alive NA
1470576589 369 alive NA
1470576589 37 alive NA
1470576589 370 alive NA
1470576589 371 alive NA
1470576589 372 alive NA
1470576589 373 alive NA
1470576589 374 alive NA
1470576589 375 alive NA
1470576589 376 alive NA
1470576589 377 alive NA
1470576589 378 alive NA
1470576589 379 alive NA
1470576589 38 alive NA
1470576589 380 alive NA
1470576589 381 alive NA
1470576589 382 alive NA
1470576589 383 alive NA
1470576589 384 alive NA
1470576589 385 alive NA
1470576589 386 alive NA
1470576589 387 alive NA
1470576589 388 alive NA
1470576589 389 alive NA
1470576589 39 alive NA
1470576589 390 alive NA
1470576589 391 alive NA
1470576589 392 alive NA
1470576589 393 alive NA
1470576589 394 alive NA
1470576589 395 alive NA
1470576589 396 alive NA
1470576589 397 alive NA
1470576589 398 alive NA
1470576589 399 alive NA
1470576589 4 alive NA
1470576589 40 alive NA
1470576589 400 alive NA
1470576589 401 alive NA
1470576589 402 alive NA
1470576589 403 alive NA
1470576589 404 alive NA
1470576589 405 alive NA
1470576589 406 alive NA
1470576589 407 alive NA
1470576589 408 alive NA
1470576589 409 alive NA
1470576589 41 alive NA
1470576589 410 alive NA
1470576589 411 alive NA
1470576589 412 alive NA
1470576589 413 alive NA
1470576589 414 alive NA
1470576589 415 alive NA
1470576589 416 alive NA
1470576589 417 alive NA
1470576589 418 alive NA
1470576589 419 alive NA
1470576589 42 alive NA
1470576589 420 alive NA
1470576589 421 alive NA
1470576589 422 alive NA
1470576589 423 alive NA
1470576589 424 alive NA
1470576589 425 alive NA
1470576589 426 alive NA
1470576589 427 alive NA
1470576589 428 alive NA
1470576589 429 alive NA
1470576589 43 alive NA
1470576589 430 alive NA
1470576589 431 alive NA
1470576589 432 alive NA
1470576589 433 alive NA
1470576589 434 alive NA
1470576589 435 alive NA
1470576589 436 alive NA
1470576589 437 alive NA
1470576589 438 alive NA
1470576589 439 alive NA
1470576589 44 alive NA
1470576589 440 alive NA
1470576589 441 alive NA
1470576589 442 alive NA
1470576589 443 alive NA
1470576589 444 alive NA
1470576589 445 alive NA
1470576589 446 alive NA
1470576589 447 alive NA
1470576589 448 alive NA
1470576589 449 alive NA
1470576589 45 alive NA
1470576589 450 alive NA
1470576589 451 alive NA
1470576589 452 alive NA
1470576589 453 alive NA
1470576589 454 alive NA
1470576589 455 alive NA
1470576589 456 alive NA
1470576589 457 alive NA
1470576589 458 alive NA
1470576589 459 alive NA
1470576589 46 alive NA
1470576589 460 alive NA
1470576589 461 alive NA
1470576589 462 alive NA
1470576589 463 alive NA
1470576589 464 alive NA
1470576589 465 alive NA
1470576589 466 alive NA
1470576589 467 alive NA
1470576589 468 alive NA
1470576589 469 alive NA
1470576589 47 alive NA
1470576589 470 alive NA
1470576589 471 alive NA
1470576589 472 alive NA
1470576589 473 alive NA
1470576589 474 alive NA
1470576589 475 alive NA
1470576589 476 alive NA
1470576589 477 alive NA
1470576589 478 alive NA
1470576589 479 alive NA
1470576589 48 alive NA
1470576589 480 alive NA
1470576589 481 alive NA
1470576589 482 alive NA
1470576589 483 alive NA
1470576589 484 alive NA
1470576589 485 alive NA
1470576589 486 alive NA
1470576589 487 alive NA
1470576589 488 alive NA
1470576589 489 alive NA
1470576589 49 alive NA
1470576589 490 alive NA
1470576589 491 alive NA
1470576589 492 alive NA
1470576589 493 alive NA
1470576589 494 alive NA
1470576589 495 alive NA
1470576589 496 alive NA
1470576589 497 alive NA
1470576589 498 alive NA
1470576589 499 alive NA
1470576589 5 alive NA
1470576589 50 alive NA
1470576589 500 alive NA
1470576589 51 alive NA
1470576589 52 alive NA
1470576589 53 alive NA
1470576589 54 alive NA
1470576589 55 alive NA
1470576589 56 alive NA
1470576589 57 alive NA
1470576589 58 alive NA
1470576589 59 alive NA
1470576589 6 alive NA
1470576589 60 alive NA
1470576589 61 alive NA
1470576589 62 alive NA
1470576589 63 alive NA
1470576589 64 alive NA
1470576589 65 alive NA
1470576589 66 alive NA
1470576589 67 alive NA
1470576589 68 alive NA
1470576589 69 alive NA
1470576589 7 alive NA
1470576589 70 alive NA
1470576589 71 alive NA
1470576589 72 alive NA
1470576589 73 alive NA
1470576589 74 alive NA
1470576589 75 alive NA
1470576589 76 alive NA
1470576589 77 alive NA
1470576589 78 alive NA
1470576589 79 alive NA
1470576589 8 alive NA
1470576589 80 alive NA
1470576589 81 alive NA
1470576589 82 alive NA
1470576589 83 alive NA
1470576589 84 alive NA
1470576589 85 alive NA
1470576589 86 alive NA
1470576589 87 alive NA
1470576589 88 alive NA
1470576589 89 alive NA
1470576589 9 alive NA
1470576589 90 alive NA
1470576589 91 alive NA
1470576589 92 alive NA
1470576589 93 alive NA
1470576589 94 alive NA
1470576589 95 alive NA
1470576589 96 alive NA
1470576589 97 alive NA
1470576589 98 alive NA
1470576589 99 alive NA
1470576589 Here was 10 11 alive NA
1470576589 Here was 30-35 alive NA
1470576589 new 1 alive NA
1470576589 new 2 alive NA
1470576589 new 3 alive NA
1470576589 new 4 alive NA
1470576589 new 5 alive NA
1470576627 1 alive NA
1470576627 10 alive NA
1470576627 100 alive NA
1470576627 101 alive NA
1470576627 102 alive NA
1470576627 103 alive NA
1470576627 104 alive NA
1470576627 105 alive NA
1470576627 106 alive NA
1470576627 107 alive NA
1470576627 108 alive NA
1470576627 109 alive NA
1470576627 11 alive NA
1470576627 110 alive NA
1470576627 111 alive NA
1470576627 112 alive NA
1470576627 113 alive NA
1470576627 114 alive NA
1470576627 115 alive NA
1470576627 116 alive NA
1470576627 117 alive NA
1470576627 118 alive NA
1470576627 119 alive NA
1470576627 12 alive NA
1470576627 120 alive NA
1470576627 121 alive NA
1470576627 122 alive NA
1470576627 123 alive NA
1470576627 124 alive NA
1470576627 125 alive NA
1470576627 126 alive NA
1470576627 127 alive NA
1470576627 128 alive NA
1470576627 129 alive NA
1470576627 13 alive NA
1470576627 130 alive NA
1470576627 131 alive NA
1470576627 132 alive NA
1470576627 133 alive NA
1470576627 134 alive NA
1470576627 135 alive NA
1470576627 136 alive NA
1470576627 137 alive NA
1470576627 138 alive NA
1470576627 139 alive NA
1470576627 14 alive NA
1470576627 140 alive NA
1470576627 141 alive NA
1470576627 142 alive NA
1470576627 143 alive NA
1470576627 144 alive NA
1470576627 145 alive NA
1470576627 146 alive NA
1470576627 147 alive NA
1470576627 148 alive NA
1470576627 149 alive NA
1470576627 15 alive NA
1470576627 150 alive NA
1470576627 151 alive NA
1470576627 152 alive NA
1470576627 153 alive NA
1470576627 154 alive NA
1470576627 155 alive NA
1470576627 156 alive NA
1470576627 157 alive NA
1470576627 158 alive NA
1470576627 159 alive NA
1470576627 16 alive NA
1470576627 160 alive NA
1470576627 161 alive NA
1470576627 162 alive NA
1470576627 163 alive NA
1470576627 164 alive NA
1470576627 165 alive NA
1470576627 166 alive NA
1470576627 167 alive NA
1470576627 168 alive NA
1470576627 169 alive NA
1470576627 17 alive NA
1470576627 170 alive NA
1470576627 171 alive NA
1470576627 172 alive NA
1470576627 173 alive NA
1470576627 174 alive NA
1470576627 175 alive NA
1470576627 176 alive NA
1470576627 177 alive NA
1470576627 178 alive NA
1470576627 179 alive NA
1470576627 18 alive NA
1470576627 180 alive NA
1470576627 181 alive NA
1470576627 182 alive NA
1470576627 183 alive NA
1470576627 184 alive NA
1470576627 185 alive NA
1470576627 186 alive NA
1470576627 187 alive NA
1470576627 188 alive NA
1470576627 189 alive NA
1470576627 19 alive NA
1470576627 190 alive NA
1470576627 191 alive NA
1470576627 192 alive NA
1470576627 193 alive NA
1470576627 194 alive NA
1470576627 195 alive NA
1470576627 196 alive NA
1470576627 197 alive NA
1470576627 198 alive NA
1470576627 199 alive NA
1470576627 2 alive NA
1470576627 20 alive NA
1470576627 200 alive NA
1470576627 201 alive NA
1470576627 202 alive NA
1470576627 203 alive NA
1470576627 204 alive NA
1470576627 205 alive NA
1470576627 206 alive NA
1470576627 207 alive NA
1470576627 208 alive NA
1470576627 209 alive NA
1470576627 21 alive NA
1470576627 210 alive NA
1470576627 211 alive NA
1470576627 212 alive NA
1470576627 213 alive NA
1470576627 214 alive NA
1470576627 215 alive NA
1470576627 216 alive NA
1470576627 217 alive NA
1470576627 218 alive NA
1470576627 219 alive NA
1470576627 22 alive NA
1470576627 220 alive NA
1470576627 221 alive NA
1470576627 222 alive NA
1470576627 223 alive NA
1470576627 224 alive NA
1470576627 225 alive NA
1470576627 226 alive NA
1470576627 227 alive NA
1470576627 228 alive NA
1470576627 229 alive NA
1470576627 23 alive NA
1470576627 230 alive NA
1470576627 231 alive NA
1470576627 232 alive NA
1470576627 233 alive NA
1470576627 234 alive NA
1470576627 235 alive NA
1470576627 236 alive NA
1470576627 237 alive NA
1470576627 238 alive NA
1470576627 239 alive NA
1470576627 24 alive NA
1470576627 240 alive NA
1470576627 241 alive NA
1470576627 242 alive NA
1470576627 243 alive NA
1470576627 244 alive NA
1470576627 245 alive NA
1470576627 246 alive NA
1470576627 247 alive NA
1470576627 248 alive NA
1470576627 249 alive NA
1470576627 25 alive NA
1470576627 250 alive NA
1470576627 251 alive NA
1470576627 252 alive NA
1470576627 253 alive NA
1470576627 254 alive NA
1470576627 255 alive NA
1470576627 256 alive NA
1470576627 257 alive NA
1470576627 258 alive NA
1470576627 259 alive NA
1470576627 26 alive NA
1470576627 260 alive NA
1470576627 261 alive NA
1470576627 262 alive NA
1470576627 263 alive NA
1470576627 264 alive NA
1470576627 265 alive NA
1470576627 266 alive NA
1470576627 267 alive NA
1470576627 268 alive NA
1470576627 269 alive NA
1470576627 27 alive NA
1470576627 270 alive NA
1470576627 271 alive NA
1470576627 272 alive NA
1470576627 273 alive NA
1470576627 274 alive NA
1470576627 275 alive NA
1470576627 276 alive NA
1470576627 277 alive NA
1470576627 278 alive NA
1470576627 279 alive NA
1470576627 28 alive NA
1470576627 280 alive NA
1470576627 281 alive NA
1470576627 282 alive NA
1470576627 283 alive NA
1470576627 284 alive NA
1470576627 285 alive NA
1470576627 286 alive NA
1470576627 287 alive NA
1470576627 288 alive NA
1470576627 289 alive NA
1470576627 29 alive NA
1470576627 290 alive NA
1470576627 291 alive NA
1470576627 292 alive NA
1470576627 293 alive NA
1470576627 294 alive NA
1470576627 295 alive NA
1470576627 296 alive NA
1470576627 297 alive NA
1470576627 298 alive NA
1470576627 299 alive NA
1470576627 3 alive NA
1470576627 30 alive NA
1470576627 300 alive NA
1470576627 301 alive NA
1470576627 302 alive NA
1470576627 303 alive NA
1470576627 304 alive NA
1470576627 305 alive NA
1470576627 306 alive NA
1470576627 307 alive NA
1470576627 308 alive NA
1470576627 309 alive NA
1470576627 31 alive NA
1470576627 310 alive NA
1470576627 311 alive NA
1470576627 312 alive NA
1470576627 313 alive NA
1470576627 314 alive NA
1470576627 315 alive NA
1470576627 316 alive NA
1470576627 317 alive NA
1470576627 318 alive NA
1470576627 319 alive NA
1470576627 32 alive NA
1470576627 320 alive NA
1470576627 321 alive NA
1470576627 322 alive NA
1470576627 323 alive NA
1470576627 324 alive NA
1470576627 325 alive NA
1470576627 326 alive NA
1470576627 327 alive NA
1470576627 328 alive NA
1470576627 329 alive NA
1470576627 33 alive NA
1470576627 330 alive NA
1470576627 331 alive NA
1470576627 332 alive NA
1470576627 333 alive NA
1470576627 334 alive NA
1470576627 335 alive NA
1470576627 336 alive NA
1470576627 337 alive NA
1470576627 338 alive NA
1470576627 339 alive NA
1470576627 34 alive NA
1470576627 340 alive NA
1470576627 341 alive NA
1470576627 342 alive NA
1470576627 343 alive NA
1470576627 344 alive NA
1470576627 345 alive NA
1470576627 346 alive NA
1470576627 347 alive NA
1470576627 348 alive NA
1470576627 349 alive NA
1470576627 35 alive NA
1470576627 350 alive NA
1470576627 351 alive NA
1470576627 352 alive NA
1470576627 353 alive NA
1470576627 354 alive NA
1470576627 355 alive NA
1470576627 356 alive NA
1470576627 357 alive NA
1470576627 358 alive NA
1470576627 359 alive NA
1470576627 36 alive NA
1470576627 360 alive NA
1470576627 361 alive NA
1470576627 362 alive NA
1470576627 363 alive NA
1470576627 364 alive NA
1470576627 365 alive NA
1470576627 366 alive NA
1470576627 367 alive NA
1470576627 368 alive NA
1470576627 369 alive NA
1470576627 37 alive NA
1470576627 370 alive NA
1470576627 371 alive NA
1470576627 372 alive NA
1470576627 373 alive NA
1470576627 374 alive NA
1470576627 375 alive NA
1470576627 376 alive NA
1470576627 377 alive NA
1470576627 378 alive NA
1470576627 379 alive NA
1470576627 38 alive NA
1470576627 380 alive NA
1470576627 381 alive NA
1470576627 382 alive NA
1470576627 383 alive NA
1470576627 384 alive NA
1470576627 385 alive NA
1470576627 386 alive NA
1470576627 387 alive NA
1470576627 388 alive NA
1470576627 389 alive NA
1470576627 39 alive NA
1470576627 390 alive NA
1470576627 391 alive NA
1470576627 392 alive NA
1470576627 393 alive NA
1470576627 394 alive NA
1470576627 395 alive NA
1470576627 396 alive NA
1470576627 397 alive NA
1470576627 398 alive NA
1470576627 399 alive NA
1470576627 4 alive NA
1470576627 40 alive NA
1470576627 400 alive NA
1470576627 401 alive NA
1470576627 402 alive NA
1470576627 403 alive NA
1470576627 404 alive NA
1470576627 405 alive NA
1470576627 406 alive NA
1470576627 407 alive NA
1470576627 408 alive NA
1470576627 409 alive NA
1470576627 41 alive NA
1470576627 410 alive NA
1470576627 411 alive NA
1470576627 412 alive NA
1470576627 413 alive NA
1470576627 414 alive NA
1470576627 415 alive NA
1470576627 416 alive NA
1470576627 417 alive NA
1470576627 418 alive NA
1470576627 419 alive NA
1470576627 42 alive NA
1470576627 420 alive NA
1470576627 421 alive NA
1470576627 422 alive NA
1470576627 423 alive NA
1470576627 424 alive NA
1470576627 425 alive NA
1470576627 426 alive NA
1470576627 427 alive NA
1470576627 428 alive NA
1470576627 429 alive NA
1470576627 43 alive NA
1470576627 430 alive NA
1470576627 431 alive NA
1470576627 432 alive NA
1470576627 433 alive NA
1470576627 434 alive NA
1470576627 435 alive NA
1470576627 436 alive NA
1470576627 437 alive NA
1470576627 438 alive NA
1470576627 439 alive NA
1470576627 44 alive NA
1470576627 440 alive NA
1470576627 441 alive NA
1470576627 442 alive NA
1470576627 443 alive NA
1470576627 444 alive NA
1470576627 445 alive NA
1470576627 446 alive NA
1470576627 447 alive NA
1470576627 448 alive NA
1470576627 449 alive NA
1470576627 45 alive NA
1470576627 450 alive NA
1470576627 451 alive NA
1470576627 452 alive NA
1470576627 453 alive NA
1470576627 454 alive NA
1470576627 455 alive NA
1470576627 456 alive NA
1470576627 457 alive NA
1470576627 458 alive NA
1470576627 459 alive NA
1470576627 46 alive NA
1470576627 460 alive NA
1470576627 461 alive NA
1470576627 462 alive NA
1470576627 463 alive NA
1470576627 464 alive NA
1470576627 465 alive NA
1470576627 466 alive NA
1470576627 467 alive NA
1470576627 468 alive NA
1470576627 469 alive NA
1470576627 47 alive NA
1470576627 470 alive NA
1470576627 471 alive NA
1470576627 472 alive NA
1470576627 473 alive NA
1470576627 474 alive NA
1470576627 475 alive NA
1470576627 476 alive NA
1470576627 477 alive NA
1470576627 478 alive NA
1470576627 479 alive NA
1470576627 48 alive NA
1470576627 480 alive NA
1470576627 481 alive NA
1470576627 482 alive NA
1470576627 483 alive NA
1470576627 484 alive NA
1470576627 485 alive NA
1470576627 486 alive NA
1470576627 487 alive NA
1470576627 488 alive NA
1470576627 489 alive NA
1470576627 49 alive NA
1470576627 490 alive NA
1470576627 491 alive NA
1470576627 492 alive NA
1470576627 493 alive NA
1470576627 494 alive NA
1470576627 495 alive NA
1470576627 496 alive NA
1470576627 497 alive NA
1470576627 498 alive NA
1470576627 499 alive NA
1470576627 5 alive NA
1470576627 50 alive NA
1470576627 500 alive NA
1470576627 51 alive NA
1470576627 52 alive NA
1470576627 53 alive NA
1470576627 54 alive NA
1470576627 55 alive NA
1470576627 56 alive NA
1470576627 57 alive NA
1470576627 58 alive NA
1470576627 59 alive NA
1470576627 6 alive NA
1470576627 60 alive NA
1470576627 61 alive NA
1470576627 62 alive NA
1470576627 63 alive NA
1470576627 64 alive NA
1470576627 65 alive NA
1470576627 66 alive NA
1470576627 67 alive NA
1470576627 68 alive NA
1470576627 69 alive NA
1470576627 7 alive NA
1470576627 70 alive NA
1470576627 71 alive NA
1470576627 72 alive NA
1470576627 73 alive NA
1470576627 74 alive NA
1470576627 75 alive NA
1470576627 76 alive NA
1470576627 77 alive NA
1470576627 78 alive NA
1470576627 79 alive NA
1470576627 8 alive NA
1470576627 80 alive NA
1470576627 81 alive NA
1470576627 82 alive NA
1470576627 83 alive NA
1470576627 84 alive NA
1470576627 85 alive NA
1470576627 86 alive NA
1470576627 87 alive NA
1470576627 88 alive NA
1470576627 89 alive NA
1470576627 9 alive NA
1470576627 90 alive NA
1470576627 91 alive NA
1470576627 92 alive NA
1470576627 93 alive NA
1470576627 94 alive NA
1470576627 95 alive NA
1470576627 96 alive NA
1470576627 97 alive NA
1470576627 98 alive NA
1470576627 99 alive NA
1470605653 1 1470902174
1470605653 10 1470902174
1470605653 100 1470902174
1470605653 101 1470902174
1470605653 102 1470902174
1470605653 103 1470902174
1470605653 104 1470902174
1470605653 105 1470902174
1470605653 106 1470902174
1470605653 107 1470902174
1470605653 108 1470902174
1470605653 109 1470902174
1470605653 11 1470902174
1470605653 110 1470902174
1470605653 111 1470902174
1470605653 112 1470902174
1470605653 113 1470902174
1470605653 114 1470902174
1470605653 115 1470902174
1470605653 116 1470902174
1470605653 117 1470902174
1470605653 118 1470902174
1470605653 119 1470902174
1470605653 12 1470902174
1470605653 120 1470902174
1470605653 121 1470902174
1470605653 122 1470902174
1470605653 123 1470902174
1470605653 124 1470902174
1470605653 125 1470902174
1470605653 126 1470902174
1470605653 127 1470902174
1470605653 128 1470902174
1470605653 129 1470902174
1470605653 13 1470902174
1470605653 130 1470902174
1470605653 131 1470902174
1470605653 132 1470902174
1470605653 133 1470902174
1470605653 134 1470902174
1470605653 135 1470902174
1470605653 136 1470902174
1470605653 137 1470902174
1470605653 138 1470902174
1470605653 139 1470902174
1470605653 14 1470902174
1470605653 140 1470902174
1470605653 141 1470902174
1470605653 142 1470902174
1470605653 143 1470902174
1470605653 144 1470902174
1470605653 145 1470902174
1470605653 146 1470902174
1470605653 147 1470902174
1470605653 148 1470902174
1470605653 149 1470902174
1470605653 15 1470902174
1470605653 150 1470902174
1470605653 151 1470902174
1470605653 152 1470902174
1470605653 153 1470902174
1470605653 154 1470902174
1470605653 155 1470902174
1470605653 156 1470902174
1470605653 157 1470902174
1470605653 158 1470902174
1470605653 159 1470902174
1470605653 16 1470902174
1470605653 160 1470902174
1470605653 161 1470902174
1470605653 162 1470902174
1470605653 163 1470902174
1470605653 164 1470902174
1470605653 165 1470902174
1470605653 166 1470902174
1470605653 167 1470902174
1470605653 168 1470902174
1470605653 169 1470902174
1470605653 17 1470902174
1470605653 170 1470902174
1470605653 171 1470902174
1470605653 172 1470902174
1470605653 173 1470902174
1470605653 174 1470902174
1470605653 175 1470902174
1470605653 176 1470902174
1470605653 177 1470902174
1470605653 178 1470902174
1470605653 179 1470902174
1470605653 18 1470902174
1470605653 180 1470902174
1470605653 181 1470902174
1470605653 182 1470902174
1470605653 183 1470902174
1470605653 184 1470902174
1470605653 185 1470902174
1470605653 186 1470902174
1470605653 187 1470902174
1470605653 188 1470902174
1470605653 189 1470902174
1470605653 19 1470902174
1470605653 190 1470902174
1470605653 191 1470902174
1470605653 192 1470902174
1470605653 193 1470902174
1470605653 194 1470902174
1470605653 195 1470902174
1470605653 196 1470902174
1470605653 197 1470902174
1470605653 198 1470902174
1470605653 199 1470902174
1470605653 2 1470902174
1470605653 200 1470902174
1470605653 201 1470902174
1470605653 202 1470902174
1470605653 203 1470902174
1470605653 204 1470902174
1470605653 205 1470902174
1470605653 206 1470902174
1470605653 207 1470902174
1470605653 208 1470902174
1470605653 209 1470902174
1470605653 210 1470902174
1470605653 211 1470902174
1470605653 212 1470902174
1470605653 213 1470902174
1470605653 214 1470902174
1470605653 215 1470902174
1470605653 216 1470902174
1470605653 217 1470902174
1470605653 218 1470902174
1470605653 219 1470902174
1470605653 220 1470902174
1470605653 221 1470902174
1470605653 222 1470902174
1470605653 223 1470902174
1470605653 224 1470902174
1470605653 225 1470902174
1470605653 226 1470902174
1470605653 227 1470902174
1470605653 228 1470902174
1470605653 229 1470902174
1470605653 230 1470902174
1470605653 231 1470902174
1470605653 232 1470902174
1470605653 233 1470902174
1470605653 234 1470902174
1470605653 235 1470902174
1470605653 236 1470902174
1470605653 237 1470902174
1470605653 238 1470902174
1470605653 239 1470902174
1470605653 240 1470902174
1470605653 241 1470902174
1470605653 242 1470902174
1470605653 243 1470902174
1470605653 244 1470902174
1470605653 245 1470902174
1470605653 246 1470902174
1470605653 247 1470902174
1470605653 248 1470902174
1470605653 249 1470902174
1470605653 25 1470902174
1470605653 250 1470902174
1470605653 251 1470902174
1470605653 252 1470902174
1470605653 253 1470902174
1470605653 254 1470902174
1470605653 255 1470902174
1470605653 256 1470902174
1470605653 257 1470902174
1470605653 258 1470902174
1470605653 259 1470902174
1470605653 26 1470902174
1470605653 260 1470902174
1470605653 261 1470902174
1470605653 262 1470902174
1470605653 263 1470902174
1470605653 264 1470902174
1470605653 265 1470902174
1470605653 266 1470902174
1470605653 267 1470902174
1470605653 268 1470902174
1470605653 269 1470902174
1470605653 27 1470902174
1470605653 270 1470902174
1470605653 271 1470902174
1470605653 272 1470902174
1470605653 273 1470902174
1470605653 274 1470902174
1470605653 275 1470902174
1470605653 276 1470902174
1470605653 277 1470902174
1470605653 278 1470902174
1470605653 279 1470902174
1470605653 28 1470902174
1470605653 280 1470902174
1470605653 281 1470902174
1470605653 282 1470902174
1470605653 283 1470902174
1470605653 284 1470902174
1470605653 285 1470902174
1470605653 286 1470902174
1470605653 287 1470902174
1470605653 288 1470902174
1470605653 289 1470902174
1470605653 29 1470902174
1470605653 290 1470902174
1470605653 291 1470902174
1470605653 292 1470902174
1470605653 293 1470902174
1470605653 294 1470902174
1470605653 295 1470902174
1470605653 296 1470902174
1470605653 297 1470902174
1470605653 298 1470902174
1470605653 299 1470902174
1470605653 3 1470902174
1470605653 30 1470902174
1470605653 300 1470902174
1470605653 301 1470902174
1470605653 302 1470902174
1470605653 303 1470902174
1470605653 304 1470902174
1470605653 305 1470902174
1470605653 306 1470902174
1470605653 307 1470902174
1470605653 308 1470902174
1470605653 309 1470902174
1470605653 31 1470902174
1470605653 310 1470902174
1470605653 311 1470902174
1470605653 312 1470902174
1470605653 313 1470902174
1470605653 314 1470902174
1470605653 315 1470902174
1470605653 316 1470902174
1470605653 317 1470902174
1470605653 318 1470902174
1470605653 319 1470902174
1470605653 32 1470902174
1470605653 320 1470902174
1470605653 321 1470902174
1470605653 322 1470902174
1470605653 323 1470902174
1470605653 324 1470902174
1470605653 325 1470902174
1470605653 326 1470902174
1470605653 327 1470902174
1470605653 328 1470902174
1470605653 329 1470902174
1470605653 33 1470902174
1470605653 330 1470902174
1470605653 331 1470902174
1470605653 332 1470902174
1470605653 333 1470902174
1470605653 334 1470902174
1470605653 335 1470902174
1470605653 336 1470902174
1470605653 337 1470902174
1470605653 338 1470902174
1470605653 339 1470902174
1470605653 34 1470902174
1470605653 340 1470902174
1470605653 341 1470902174
1470605653 342 1470902174
1470605653 343 1470902174
1470605653 344 1470902174
1470605653 345 1470902174
1470605653 346 1470902174
1470605653 347 1470902174
1470605653 348 1470902174
1470605653 349 1470902174
1470605653 35 1470902174
1470605653 350 1470902174
1470605653 351 1470902174
1470605653 352 1470902174
1470605653 353 1470902174
1470605653 354 1470902174
1470605653 355 1470902174
1470605653 356 1470902174
1470605653 357 1470902174
1470605653 358 1470902174
1470605653 359 1470902174
1470605653 36 1470902174
1470605653 360 1470902174
1470605653 361 1470902174
1470605653 362 1470902174
1470605653 363 1470902174
1470605653 364 1470902174
1470605653 365 1470902174
1470605653 366 1470902174
1470605653 367 1470902174
1470605653 368 1470902174
1470605653 369 1470902174
1470605653 37 1470902174
1470605653 370 1470902174
1470605653 371 1470902174
1470605653 372 1470902174
1470605653 373 1470902174
1470605653 374 1470902174
1470605653 375 1470902174
1470605653 376 1470902174
1470605653 377 1470902174
1470605653 378 1470902174
1470605653 379 1470902174
1470605653 38 1470902174
1470605653 380 1470902174
1470605653 381 1470902174
1470605653 382 1470902174
1470605653 383 1470902174
1470605653 384 1470902174
1470605653 385 1470902174
1470605653 386 1470902174
1470605653 387 1470902174
1470605653 388 1470902174
1470605653 389 1470902174
1470605653 39 1470902174
1470605653 390 1470902174
1470605653 391 1470902174
1470605653 392 1470902174
1470605653 393 1470902174
1470605653 394 1470902174
1470605653 395 1470902174
1470605653 396 1470902174
1470605653 397 1470902174
1470605653 398 1470902174
1470605653 399 1470902174
1470605653 4 1470902174
1470605653 400 1470902174
1470605653 401 1470902174
1470605653 402 1470902174
1470605653 403 1470902174
1470605653 404 1470902174
1470605653 405 1470902174
1470605653 406 1470902174
1470605653 407 1470902174
1470605653 408 1470902174
1470605653 409 1470902174
1470605653 41 1470902174
1470605653 410 1470902174
1470605653 411 1470902174
1470605653 412 1470902174
1470605653 413 1470902174
1470605653 414 1470902174
1470605653 415 1470902174
1470605653 416 1470902174
1470605653 417 1470902174
1470605653 418 1470902174
1470605653 419 1470902174
1470605653 42 1470902174
1470605653 420 1470902174
1470605653 421 1470902174
1470605653 422 1470902174
1470605653 423 1470902174
1470605653 424 1470902174
1470605653 425 1470902174
1470605653 426 1470902174
1470605653 427 1470902174
1470605653 428 1470902174
1470605653 429 1470902174
1470605653 43 1470902174
1470605653 430 1470902174
1470605653 431 1470902174
1470605653 432 1470902174
1470605653 433 1470902174
1470605653 434 1470902174
1470605653 435 1470902174
1470605653 436 1470902174
1470605653 437 1470902174
1470605653 438 1470902174
1470605653 439 1470902174
1470605653 44 1470902174
1470605653 440 1470902174
1470605653 441 1470902174
1470605653 442 1470902174
1470605653 443 1470902174
1470605653 444 1470902174
1470605653 445 1470902174
1470605653 446 1470902174
1470605653 447 1470902174
1470605653 448 1470902174
1470605653 449 1470902174
1470605653 45 1470902174
1470605653 450 1470902174
1470605653 451 1470902174
1470605653 452 1470902174
1470605653 453 1470902174
1470605653 454 1470902174
1470605653 455 1470902174
1470605653 456 1470902174
1470605653 457 1470902174
1470605653 458 1470902174
1470605653 459 1470902174
1470605653 46 1470902174
1470605653 460 1470902174
1470605653 461 1470902174
1470605653 462 1470902174
1470605653 463 1470902174
1470605653 464 1470902174
1470605653 465 1470902174
1470605653 466 1470902174
1470605653 467 1470902174
1470605653 468 1470902174
1470605653 469 1470902174
1470605653 47 1470902174
1470605653 470 1470902174
1470605653 471 1470902174
1470605653 472 1470902174
1470605653 473 1470902174
1470605653 474 1470902174
1470605653 475 1470902174
1470605653 476 1470902174
1470605653 477 1470902174
1470605653 478 1470902174
1470605653 479 1470902174
1470605653 48 1470902174
1470605653 480 1470902174
1470605653 481 1470902174
1470605653 482 1470902174
1470605653 483 1470902174
1470605653 484 1470902174
1470605653 485 1470902174
1470605653 486 1470902174
1470605653 487 1470902174
1470605653 488 1470902174
1470605653 489 1470902174
1470605653 49 1470902174
1470605653 490 1470902174
1470605653 491 1470902174
1470605653 492 1470902174
1470605653 493 1470902174
1470605653 494 1470902174
1470605653 495 1470902174
1470605653 496 1470902174
1470605653 497 1470902174
1470605653 498 1470902174
1470605653 499 1470902174
1470605653 5 1470902174
1470605653 50 1470902174
1470605653 500 1470902174
1470605653 51 1470902174
1470605653 52 1470902174
1470605653 53 1470902174
1470605653 54 1470902174
1470605653 55 1470902174
1470605653 56 1470902174
1470605653 57 1470902174
1470605653 58 1470902174
1470605653 59 1470902174
1470605653 6 1470902174
1470605653 60 1470902174
1470605653 61 1470902174
1470605653 62 1470902174
1470605653 63 1470902174
1470605653 64 1470902174
1470605653 65 1470902174
1470605653 66 1470902174
1470605653 67 1470902174
1470605653 68 1470902174
1470605653 69 1470902174
1470605653 7 1470902174
1470605653 70 1470902174
1470605653 71 1470902174
1470605653 72 1470902174
1470605653 73 1470902174
1470605653 74 1470902174
1470605653 75 1470902174
1470605653 76 1470902174
1470605653 77 1470902174
1470605653 78 1470902174
1470605653 79 1470902174
1470605653 8 1470902174
1470605653 80 1470902174
1470605653 81 1470902174
1470605653 82 1470902174
1470605653 83 1470902174
1470605653 84 1470902174
1470605653 85 1470902174
1470605653 86 1470902174
1470605653 87 1470902174
1470605653 88 1470902174
1470605653 89 1470902174
1470605653 9 1470902174
1470605653 90 1470902174
1470605653 91 1470902174
1470605653 92 1470902174
1470605653 93 1470902174
1470605653 94 1470902174
1470605653 95 1470902174
1470605653 96 1470902174
1470605653 97 1470902174
1470605653 98 1470902174
1470605653 99 1470902174
1470605653 change one 1470902174
1470605653 delete five 1470902174
1470605653 even more 1470902174
1470605653 more 1470902174
1470605653 some 1470902174
1470605653 stuff 1470902174
1470642743 fifty 1470728835
1470642743 fifty 1470728835
1470642743 more 1470728835
1470642743 more 1470728835
1470642743 replace 10-11 alive NA
1470642743 stuff 1470728835
1470642743 stuff 1470728835
1470642743 was 30-39 1470728835
1470642743 was 30-39 1470728835
1470902174 a alive NA
1470902174 A alive NA
1470902174 aa alive NA
1470902174 aal alive NA
1470902174 aalii alive NA
1470902174 aam alive NA
1470902174 Aani alive NA
1470902174 aardvark alive NA
1470902174 aardwolf alive NA
1470902174 Aaron alive NA
1470902174 Aaronic alive NA
1470902174 Aaronical alive NA
1470902174 Aaronite alive NA
1470902174 Aaronitic alive NA
1470902174 Aaru alive NA
1470902174 Ab alive NA
1470902174 aba alive NA
1470902174 Ababdeh alive NA
1470902174 Ababua alive NA
1470902174 abac alive NA
1471242950 hi alive NA
1471365836  alive NA
1471365836  alive NA
1471365836  alive NA
1471365836 "Why does the lamb love Mary so?" alive NA
1471365836 "Why, Mary loves the lamb, you know," alive NA
1471365836 And everywhere that Mary went, alive NA
1471365836 And so the teacher turned it out, alive NA
1471365836 And waited patiently about, alive NA
1471365836 But still it lingered near, alive NA
1471365836 He followed her to school one day, alive NA
1471365836 His fleece was white as snow, alive NA
1471365836 It made the children laugh and play alive NA
1471365836 Mary had a little lamb, alive NA
1471365836 The eager children cry. alive NA
1471365836 The lamb was sure to go. alive NA
1471365836 The teacher did reply. alive NA
1471365836 Till Mary did appear. alive NA
1471365836 To see a lamb at school. alive NA
1471365836 Which was against the rule, alive NA
